<?xml version="1.0" encoding="UTF-8"?>
<!-- Generated by org.testng.reporters.JUnitXMLReporter -->
<testsuite ignored="0" hostname="Mac" failures="2" tests="2" name="Cucumber Tests" time="80.564" errors="0" timestamp="2026-04-10T19:38:11 EDT">
  <testcase classname="io.cucumber.testng.AbstractTestNGCucumberTests" name="runScenario" time="45.13">
    <failure type="java.lang.AssertionError" message="Dashboard is not visible expected [true] but found [false]">
      <![CDATA[java.lang.AssertionError: Dashboard is not visible expected [true] but found [false]
at stepdefinitions.AdminSteps.assertDashboardVisible(AdminSteps.java:211)
at stepdefinitions.AdminSteps.userShouldSeeDashboardPage(AdminSteps.java:71)
at ✽.user should see dashboard page(file:///Users/ranajitchowdhury/eclipse-workspace/Openemr_Framework_automation/src/test/resources/features/patient.feature:9)
... Removed 3 stack frames]]>
    </failure>
  </testcase> <!-- runScenario -->
  <testcase classname="io.cucumber.testng.AbstractTestNGCucumberTests" name="runScenario" time="35.143">
    <failure type="java.lang.AssertionError" message="Dashboard is not visible expected [true] but found [false]">
      <![CDATA[java.lang.AssertionError: Dashboard is not visible expected [true] but found [false]
at stepdefinitions.AdminSteps.assertDashboardVisible(AdminSteps.java:211)
at stepdefinitions.AdminSteps.userShouldSeeDashboardPage(AdminSteps.java:71)
at ✽.user should see dashboard page(file:///Users/ranajitchowdhury/eclipse-workspace/Openemr_Framework_automation/src/test/resources/features/patient.feature:22)
... Removed 3 stack frames]]>
    </failure>
  </testcase> <!-- runScenario -->
</testsuite> <!-- Cucumber Tests -->
