<?xml version="1.0" encoding="UTF-8"?>
<testng-results ignored="0" total="2" passed="0" failed="2" skipped="0">
  <reporter-output>
  </reporter-output>
  <suite started-at="2026-04-10T19:36:51 EDT" name="OpenEMR Test Suite" finished-at="2026-04-10T19:38:11 EDT" duration-ms="80564">
    <groups>
      <group name="cucumber">
        <method signature="AbstractTestNGCucumberTests.runScenario(io.cucumber.testng.PickleWrapper,io.cucumber.testng.FeatureWrapper)[pri:0, instance:runners.TestRunner@4313f5bc]" name="runScenario" class="io.cucumber.testng.AbstractTestNGCucumberTests"/>
      </group> <!-- cucumber -->
    </groups>
    <test started-at="2026-04-10T19:36:51 EDT" name="Cucumber Tests" finished-at="2026-04-10T19:38:11 EDT" duration-ms="80564">
      <class name="runners.TestRunner">
        <test-method is-config="true" signature="setUpClass(org.testng.ITestContext)[pri:0, instance:runners.TestRunner@4313f5bc]" started-at="2026-04-10T19:36:51 EDT" name="setUpClass" finished-at="2026-04-10T19:36:51 EDT" duration-ms="240" status="PASS">
          <params>
            <param index="0">
              <value>
                <![CDATA[org.testng.TestRunner@6240651f]]>
              </value>
            </param>
          </params>
          <reporter-output>
          </reporter-output>
        </test-method> <!-- setUpClass -->
        <test-method signature="runScenario(io.cucumber.testng.PickleWrapper,io.cucumber.testng.FeatureWrapper)[pri:0, instance:runners.TestRunner@4313f5bc]" started-at="2026-04-10T19:36:51 EDT" name="runScenario" description="Runs Cucumber Scenarios" data-provider="scenarios" finished-at="2026-04-10T19:37:36 EDT" duration-ms="45130" status="FAIL">
          <params>
            <param index="0">
              <value>
                <![CDATA["Add new patient successfully"]]>
              </value>
            </param>
            <param index="1">
              <value>
                <![CDATA["Patient Management"]]>
              </value>
            </param>
          </params>
          <exception class="java.lang.AssertionError">
            <message>
              <![CDATA[Dashboard is not visible expected [true] but found [false]]]>
            </message>
            <full-stacktrace>
              <![CDATA[java.lang.AssertionError: Dashboard is not visible expected [true] but found [false]
at org.testng.Assert.fail(Assert.java:111)
at org.testng.Assert.failNotEquals(Assert.java:1578)
at org.testng.Assert.assertTrue(Assert.java:57)
at stepdefinitions.AdminSteps.assertDashboardVisible(AdminSteps.java:211)
at stepdefinitions.AdminSteps.userShouldSeeDashboardPage(AdminSteps.java:71)
at ✽.user should see dashboard page(file:///Users/ranajitchowdhury/eclipse-workspace/Openemr_Framework_automation/src/test/resources/features/patient.feature:9)
]]>
            </full-stacktrace>
          </exception> <!-- java.lang.AssertionError -->
          <reporter-output>
          </reporter-output>
        </test-method> <!-- runScenario -->
        <test-method signature="runScenario(io.cucumber.testng.PickleWrapper,io.cucumber.testng.FeatureWrapper)[pri:0, instance:runners.TestRunner@4313f5bc]" started-at="2026-04-10T19:37:36 EDT" name="runScenario" description="Runs Cucumber Scenarios" data-provider="scenarios" finished-at="2026-04-10T19:38:11 EDT" duration-ms="35143" status="FAIL">
          <params>
            <param index="0">
              <value>
                <![CDATA["Add patient with missing mandatory fields"]]>
              </value>
            </param>
            <param index="1">
              <value>
                <![CDATA["Patient Management"]]>
              </value>
            </param>
          </params>
          <exception class="java.lang.AssertionError">
            <message>
              <![CDATA[Dashboard is not visible expected [true] but found [false]]]>
            </message>
            <full-stacktrace>
              <![CDATA[java.lang.AssertionError: Dashboard is not visible expected [true] but found [false]
at org.testng.Assert.fail(Assert.java:111)
at org.testng.Assert.failNotEquals(Assert.java:1578)
at org.testng.Assert.assertTrue(Assert.java:57)
at stepdefinitions.AdminSteps.assertDashboardVisible(AdminSteps.java:211)
at stepdefinitions.AdminSteps.userShouldSeeDashboardPage(AdminSteps.java:71)
at ✽.user should see dashboard page(file:///Users/ranajitchowdhury/eclipse-workspace/Openemr_Framework_automation/src/test/resources/features/patient.feature:22)
]]>
            </full-stacktrace>
          </exception> <!-- java.lang.AssertionError -->
          <reporter-output>
          </reporter-output>
        </test-method> <!-- runScenario -->
        <test-method is-config="true" signature="tearDownClass()[pri:0, instance:runners.TestRunner@4313f5bc]" started-at="2026-04-10T19:38:11 EDT" name="tearDownClass" finished-at="2026-04-10T19:38:11 EDT" duration-ms="28" status="PASS">
          <reporter-output>
          </reporter-output>
        </test-method> <!-- tearDownClass -->
      </class> <!-- runners.TestRunner -->
    </test> <!-- Cucumber Tests -->
  </suite> <!-- OpenEMR Test Suite -->
</testng-results>
