<?xml version="1.0" encoding="UTF-8"?>
<!-- Generated by org.testng.reporters.JUnitReportReporter -->
<testsuite hostname="Mac" failures="2" tests="2" name="runners.TestRunner" time="80.273" errors="0" timestamp="2026-04-10T19:38:11 EDT" skipped="0">
  <testcase classname="runners.TestRunner" name="runScenario" time="35.143">
    <failure message="Dashboard is not visible expected [true] but found [false]" type="java.lang.AssertionError">
      <![CDATA[java.lang.AssertionError: Dashboard is not visible expected [true] but found [false]
at org.testng.Assert.fail(Assert.java:111)
at org.testng.Assert.failNotEquals(Assert.java:1578)
at org.testng.Assert.assertTrue(Assert.java:57)
at stepdefinitions.AdminSteps.assertDashboardVisible(AdminSteps.java:211)
at stepdefinitions.AdminSteps.userShouldSeeDashboardPage(AdminSteps.java:71)
at ✽.user should see dashboard page(file:///Users/ranajitchowdhury/eclipse-workspace/Openemr_Framework_automation/src/test/resources/features/patient.feature:22)
]]>
    </failure>
  </testcase> <!-- runScenario -->
  <testcase classname="runners.TestRunner" name="runScenario" time="45.130">
    <failure message="Dashboard is not visible expected [true] but found [false]" type="java.lang.AssertionError">
      <![CDATA[java.lang.AssertionError: Dashboard is not visible expected [true] but found [false]
at org.testng.Assert.fail(Assert.java:111)
at org.testng.Assert.failNotEquals(Assert.java:1578)
at org.testng.Assert.assertTrue(Assert.java:57)
at stepdefinitions.AdminSteps.assertDashboardVisible(AdminSteps.java:211)
at stepdefinitions.AdminSteps.userShouldSeeDashboardPage(AdminSteps.java:71)
at ✽.user should see dashboard page(file:///Users/ranajitchowdhury/eclipse-workspace/Openemr_Framework_automation/src/test/resources/features/patient.feature:9)
]]>
    </failure>
  </testcase> <!-- runScenario -->
</testsuite> <!-- runners.TestRunner -->
