<?xml version="1.0" encoding="UTF-8"?>
<!-- Generated by org.testng.reporters.JUnitReportReporter -->
<testsuite hostname="DESKTOP-JJ64RNE" failures="0" tests="5" name="runners.TestRunner" time="73.993" errors="0" timestamp="2026-04-12T22:45:25 EDT" skipped="0">
  <testcase classname="runners.TestRunner" name="runScenario" time="16.333"/>
  <testcase classname="runners.TestRunner" name="runScenario" time="10.995"/>
  <testcase classname="runners.TestRunner" name="runScenario" time="15.483"/>
  <testcase classname="runners.TestRunner" name="runScenario" time="13.464"/>
  <testcase classname="runners.TestRunner" name="runScenario" time="17.718"/>
</testsuite> <!-- runners.TestRunner -->
